# JRE version: OpenJDK Runtime Environment (8.0_242-b01) (build 1.8.0_242-release-1644-b01)
# Java VM: OpenJDK 64-Bit Server VM (25.242-b01 mixed mode windows-amd64 compressed oops)
Heap:
 PSYoungGen      total 427520K, used 385977K [0x00000000d5580000, 0x00000000f2200000, 0x0000000100000000)
  eden space 383488K, 100% used [0x00000000d5580000,0x00000000ecc00000,0x00000000ecc00000)
  from space 44032K, 5% used [0x00000000ecc00000,0x00000000ece6e540,0x00000000ef700000)
  to   space 40448K, 37% used [0x00000000efa80000,0x00000000f0943880,0x00000000f2200000)
 ParOldGen       total 212992K, used 84711K [0x0000000080000000, 0x000000008d000000, 0x00000000d5580000)
  object space 212992K, 39% used [0x0000000080000000,0x00000000852b9e28,0x000000008d000000)
 Metaspace       used 95589K, capacity 101900K, committed 101976K, reserved 1138688K
  class space    used 12371K, capacity 13428K, committed 13440K, reserved 1048576K
GC Heap History (10 events):
Event: 2881.525 GC heap before
{Heap before GC invocations=43 (full 4):
 PSYoungGen      total 373760K, used 341775K [0x00000000d5580000, 0x00000000ef280000, 0x0000000100000000)
  eden space 329728K, 100% used [0x00000000d5580000,0x00000000e9780000,0x00000000e9780000)
  from space 44032K, 27% used [0x00000000ec780000,0x00000000ed343eb8,0x00000000ef280000)
  to   space 46592K, 0% used [0x00000000e9780000,0x00000000e9780000,0x00000000ec500000)
 ParOldGen       total 212992K, used 71697K [0x0000000080000000, 0x000000008d000000, 0x00000000d5580000)
  object space 212992K, 33% used [0x0000000080000000,0x00000000846045a8,0x000000008d000000)
 Metaspace       used 95440K, capacity 101740K, committed 101976K, reserved 1138688K
  class space    used 12369K, capacity 13426K, committed 13440K, reserved 1048576K
Event: 2881.539 GC heap after
Heap after GC invocations=43 (full 4):
 PSYoungGen      total 376320K, used 14477K [0x00000000d5580000, 0x00000000f2680000, 0x0000000100000000)
  eden space 329728K, 0% used [0x00000000d5580000,0x00000000d5580000,0x00000000e9780000)
  from space 46592K, 31% used [0x00000000e9780000,0x00000000ea5a3730,0x00000000ec500000)
  to   space 45056K, 0% used [0x00000000efa80000,0x00000000efa80000,0x00000000f2680000)
 ParOldGen       total 212992K, used 72829K [0x0000000080000000, 0x000000008d000000, 0x00000000d5580000)
  object space 212992K, 34% used [0x0000000080000000,0x000000008471f5b8,0x000000008d000000)
 Metaspace       used 95440K, capacity 101740K, committed 101976K, reserved 1138688K
  class space    used 12369K, capacity 13426K, committed 13440K, reserved 1048576K
}
Event: 2881.940 GC heap before
{Heap before GC invocations=44 (full 4):
 PSYoungGen      total 376320K, used 344205K [0x00000000d5580000, 0x00000000f2680000, 0x0000000100000000)
  eden space 329728K, 100% used [0x00000000d5580000,0x00000000e9780000,0x00000000e9780000)
  from space 46592K, 31% used [0x00000000e9780000,0x00000000ea5a3730,0x00000000ec500000)
  to   space 45056K, 0% used [0x00000000efa80000,0x00000000efa80000,0x00000000f2680000)
 ParOldGen       total 212992K, used 72829K [0x0000000080000000, 0x000000008d000000, 0x00000000d5580000)
  object space 212992K, 34% used [0x0000000080000000,0x000000008471f5b8,0x000000008d000000)
 Metaspace       used 95461K, capacity 101740K, committed 101976K, reserved 1138688K
  class space    used 12369K, capacity 13426K, committed 13440K, reserved 1048576K
Event: 2881.952 GC heap after
Heap after GC invocations=44 (full 4):
 PSYoungGen      total 423936K, used 13651K [0x00000000d5580000, 0x00000000f2200000, 0x0000000100000000)
  eden space 383488K, 0% used [0x00000000d5580000,0x00000000d5580000,0x00000000ecc00000)
  from space 40448K, 33% used [0x00000000efa80000,0x00000000f07d4d90,0x00000000f2200000)
  to   space 44032K, 0% used [0x00000000ecc00000,0x00000000ecc00000,0x00000000ef700000)
 ParOldGen       total 212992K, used 74301K [0x0000000080000000, 0x000000008d000000, 0x00000000d5580000)
  object space 212992K, 34% used [0x0000000080000000,0x000000008488f5d8,0x000000008d000000)
 Metaspace       used 95461K, capacity 101740K, committed 101976K, reserved 1138688K
  class space    used 12369K, capacity 13426K, committed 13440K, reserved 1048576K
}
Event: 2882.405 GC heap before
{Heap before GC invocations=45 (full 4):
 PSYoungGen      total 423936K, used 397139K [0x00000000d5580000, 0x00000000f2200000, 0x0000000100000000)
  eden space 383488K, 100% used [0x00000000d5580000,0x00000000ecc00000,0x00000000ecc00000)
  from space 40448K, 33% used [0x00000000efa80000,0x00000000f07d4d90,0x00000000f2200000)
  to   space 44032K, 0% used [0x00000000ecc00000,0x00000000ecc00000,0x00000000ef700000)
 ParOldGen       total 212992K, used 74301K [0x0000000080000000, 0x000000008d000000, 0x00000000d5580000)
  object space 212992K, 34% used [0x0000000080000000,0x000000008488f5d8,0x000000008d000000)
 Metaspace       used 95498K, capacity 101808K, committed 101976K, reserved 1138688K
  class space    used 12369K, capacity 13426K, committed 13440K, reserved 1048576K
Event: 2882.417 GC heap after
Heap after GC invocations=45 (full 4):
 PSYoungGen      total 427520K, used 12528K [0x00000000d5580000, 0x00000000f2200000, 0x0000000100000000)
  eden space 383488K, 0% used [0x00000000d5580000,0x00000000d5580000,0x00000000ecc00000)
  from space 44032K, 28% used [0x00000000ecc00000,0x00000000ed83c260,0x00000000ef700000)
  to   space 40448K, 0% used [0x00000000efa80000,0x00000000efa80000,0x00000000f2200000)
 ParOldGen       total 212992K, used 78486K [0x0000000080000000, 0x000000008d000000, 0x00000000d5580000)
  object space 212992K, 36% used [0x0000000080000000,0x0000000084ca5a90,0x000000008d000000)
 Metaspace       used 95498K, capacity 101808K, committed 101976K, reserved 1138688K
  class space    used 12369K, capacity 13426K, committed 13440K, reserved 1048576K
}
Event: 2883.189 GC heap before
{Heap before GC invocations=46 (full 4):
 PSYoungGen      total 427520K, used 396016K [0x00000000d5580000, 0x00000000f2200000, 0x0000000100000000)
  eden space 383488K, 100% used [0x00000000d5580000,0x00000000ecc00000,0x00000000ecc00000)
  from space 44032K, 28% used [0x00000000ecc00000,0x00000000ed83c260,0x00000000ef700000)
  to   space 40448K, 0% used [0x00000000efa80000,0x00000000efa80000,0x00000000f2200000)
 ParOldGen       total 212992K, used 78486K [0x0000000080000000, 0x000000008d000000, 0x00000000d5580000)
  object space 212992K, 36% used [0x0000000080000000,0x0000000084ca5a90,0x000000008d000000)
 Metaspace       used 95529K, capacity 101872K, committed 101976K, reserved 1138688K
  class space    used 12369K, capacity 13426K, committed 13440K, reserved 1048576K
Event: 2883.201 GC heap after
Heap after GC invocations=46 (full 4):
 PSYoungGen      total 423936K, used 11029K [0x00000000d5580000, 0x00000000f2200000, 0x0000000100000000)
  eden space 383488K, 0% used [0x00000000d5580000,0x00000000d5580000,0x00000000ecc00000)
  from space 40448K, 27% used [0x00000000efa80000,0x00000000f0545528,0x00000000f2200000)
  to   space 44032K, 0% used [0x00000000ecc00000,0x00000000ecc00000,0x00000000ef700000)
 ParOldGen       total 212992K, used 81830K [0x0000000080000000, 0x000000008d000000, 0x00000000d5580000)
  object space 212992K, 38% used [0x0000000080000000,0x0000000084fe98c8,0x000000008d000000)
 Metaspace       used 95529K, capacity 101872K, committed 101976K, reserved 1138688K
  class space    used 12369K, capacity 13426K, committed 13440K, reserved 1048576K
}
Event: 2884.352 GC heap before
{Heap before GC invocations=47 (full 4):
 PSYoungGen      total 423936K, used 394517K [0x00000000d5580000, 0x00000000f2200000, 0x0000000100000000)
  eden space 383488K, 100% used [0x00000000d5580000,0x00000000ecc00000,0x00000000ecc00000)
  from space 40448K, 27% used [0x00000000efa80000,0x00000000f0545528,0x00000000f2200000)
  to   space 44032K, 0% used [0x00000000ecc00000,0x00000000ecc00000,0x00000000ef700000)
 ParOldGen       total 212992K, used 81830K [0x0000000080000000, 0x000000008d000000, 0x00000000d5580000)
  object space 212992K, 38% used [0x0000000080000000,0x0000000084fe98c8,0x000000008d000000)
 Metaspace       used 95550K, capacity 101876K, committed 101976K, reserved 1138688K
  class space    used 12370K, capacity 13426K, committed 13440K, reserved 1048576K
Event: 2884.357 GC heap after
Heap after GC invocations=47 (full 4):
 PSYoungGen      total 427520K, used 2489K [0x00000000d5580000, 0x00000000f2200000, 0x0000000100000000)
  eden space 383488K, 0% used [0x00000000d5580000,0x00000000d5580000,0x00000000ecc00000)
  from space 44032K, 5% used [0x00000000ecc00000,0x00000000ece6e540,0x00000000ef700000)
  to   space 40448K, 0% used [0x00000000efa80000,0x00000000efa80000,0x00000000f2200000)
 ParOldGen       total 212992K, used 84414K [0x0000000080000000, 0x000000008d000000, 0x00000000d5580000)
  object space 212992K, 39% used [0x0000000080000000,0x000000008526f860,0x000000008d000000)
 Metaspace       used 95550K, capacity 101876K, committed 101976K, reserved 1138688K
  class space    used 12370K, capacity 13426K, committed 13440K, reserved 1048576K
}

