# JRE version: OpenJDK Runtime Environment (8.0_242-b01) (build 1.8.0_242-release-1644-b01)
# Java VM: OpenJDK 64-Bit Server VM (25.242-b01 mixed mode windows-amd64 compressed oops)
Heap:
 PSYoungGen      total 226304K, used 62616K [0x00000000d5580000, 0x00000000e5b80000, 0x0000000100000000)
  eden space 199168K, 17% used [0x00000000d5580000,0x00000000d782abd0,0x00000000e1800000)
  from space 27136K, 99% used [0x00000000e4100000,0x00000000e5b7b520,0x00000000e5b80000)
  to   space 26624K, 0% used [0x00000000e1800000,0x00000000e1800000,0x00000000e3200000)
 ParOldGen       total 238592K, used 86328K [0x0000000080000000, 0x000000008e900000, 0x00000000d5580000)
  object space 238592K, 36% used [0x0000000080000000,0x000000008544e300,0x000000008e900000)
 Metaspace       used 100145K, capacity 105046K, committed 105256K, reserved 1140736K
  class space    used 13230K, capacity 14305K, committed 14376K, reserved 1048576K
GC Heap History (10 events):
Event: 166.049 GC heap before
{Heap before GC invocations=20 (full 3):
 PSYoungGen      total 210432K, used 210416K [0x00000000d5580000, 0x00000000e4900000, 0x0000000100000000)
  eden space 187392K, 100% used [0x00000000d5580000,0x00000000e0c80000,0x00000000e0c80000)
  from space 23040K, 99% used [0x00000000e2800000,0x00000000e3e7c078,0x00000000e3e80000)
  to   space 28160K, 0% used [0x00000000e0c80000,0x00000000e0c80000,0x00000000e2800000)
 ParOldGen       total 145408K, used 56037K [0x0000000080000000, 0x0000000088e00000, 0x00000000d5580000)
  object space 145408K, 38% used [0x0000000080000000,0x00000000836b9618,0x0000000088e00000)
 Metaspace       used 86226K, capacity 90788K, committed 90928K, reserved 1128448K
  class space    used 11370K, capacity 12294K, committed 12336K, reserved 1048576K
Event: 166.072 GC heap after
Heap after GC invocations=20 (full 3):
 PSYoungGen      total 215552K, used 10687K [0x00000000d5580000, 0x00000000e4e80000, 0x0000000100000000)
  eden space 187392K, 0% used [0x00000000d5580000,0x00000000d5580000,0x00000000e0c80000)
  from space 28160K, 37% used [0x00000000e0c80000,0x00000000e16efdf0,0x00000000e2800000)
  to   space 27136K, 0% used [0x00000000e3400000,0x00000000e3400000,0x00000000e4e80000)
 ParOldGen       total 145408K, used 77966K [0x0000000080000000, 0x0000000088e00000, 0x00000000d5580000)
  object space 145408K, 53% used [0x0000000080000000,0x0000000084c23ad8,0x0000000088e00000)
 Metaspace       used 86226K, capacity 90788K, committed 90928K, reserved 1128448K
  class space    used 11370K, capacity 12294K, committed 12336K, reserved 1048576K
}
Event: 168.617 GC heap before
{Heap before GC invocations=21 (full 3):
 PSYoungGen      total 215552K, used 198079K [0x00000000d5580000, 0x00000000e4e80000, 0x0000000100000000)
  eden space 187392K, 100% used [0x00000000d5580000,0x00000000e0c80000,0x00000000e0c80000)
  from space 28160K, 37% used [0x00000000e0c80000,0x00000000e16efdf0,0x00000000e2800000)
  to   space 27136K, 0% used [0x00000000e3400000,0x00000000e3400000,0x00000000e4e80000)
 ParOldGen       total 145408K, used 77966K [0x0000000080000000, 0x0000000088e00000, 0x00000000d5580000)
  object space 145408K, 53% used [0x0000000080000000,0x0000000084c23ad8,0x0000000088e00000)
 Metaspace       used 89376K, capacity 93996K, committed 94256K, reserved 1130496K
  class space    used 11819K, capacity 12796K, committed 12848K, reserved 1048576K
Event: 168.623 GC heap after
Heap after GC invocations=21 (full 3):
 PSYoungGen      total 223744K, used 7136K [0x00000000d5580000, 0x00000000e4c00000, 0x0000000100000000)
  eden space 199168K, 0% used [0x00000000d5580000,0x00000000d5580000,0x00000000e1800000)
  from space 24576K, 29% used [0x00000000e3400000,0x00000000e3af80b0,0x00000000e4c00000)
  to   space 26624K, 0% used [0x00000000e1800000,0x00000000e1800000,0x00000000e3200000)
 ParOldGen       total 145408K, used 77974K [0x0000000080000000, 0x0000000088e00000, 0x00000000d5580000)
  object space 145408K, 53% used [0x0000000080000000,0x0000000084c25ad8,0x0000000088e00000)
 Metaspace       used 89376K, capacity 93996K, committed 94256K, reserved 1130496K
  class space    used 11819K, capacity 12796K, committed 12848K, reserved 1048576K
}
Event: 171.596 GC heap before
{Heap before GC invocations=22 (full 3):
 PSYoungGen      total 223744K, used 126301K [0x00000000d5580000, 0x00000000e4c00000, 0x0000000100000000)
  eden space 199168K, 59% used [0x00000000d5580000,0x00000000dc9df590,0x00000000e1800000)
  from space 24576K, 29% used [0x00000000e3400000,0x00000000e3af80b0,0x00000000e4c00000)
  to   space 26624K, 0% used [0x00000000e1800000,0x00000000e1800000,0x00000000e3200000)
 ParOldGen       total 145408K, used 77974K [0x0000000080000000, 0x0000000088e00000, 0x00000000d5580000)
  object space 145408K, 53% used [0x0000000080000000,0x0000000084c25ad8,0x0000000088e00000)
 Metaspace       used 93780K, capacity 98490K, committed 98600K, reserved 1134592K
  class space    used 12294K, capacity 13269K, committed 13352K, reserved 1048576K
Event: 171.628 GC heap after
Heap after GC invocations=22 (full 3):
 PSYoungGen      total 225792K, used 17874K [0x00000000d5580000, 0x00000000e5b80000, 0x0000000100000000)
  eden space 199168K, 0% used [0x00000000d5580000,0x00000000d5580000,0x00000000e1800000)
  from space 26624K, 67% used [0x00000000e1800000,0x00000000e2974998,0x00000000e3200000)
  to   space 27136K, 0% used [0x00000000e4100000,0x00000000e4100000,0x00000000e5b80000)
 ParOldGen       total 145408K, used 77982K [0x0000000080000000, 0x0000000088e00000, 0x00000000d5580000)
  object space 145408K, 53% used [0x0000000080000000,0x0000000084c27ad8,0x0000000088e00000)
 Metaspace       used 93780K, capacity 98490K, committed 98600K, reserved 1134592K
  class space    used 12294K, capacity 13269K, committed 13352K, reserved 1048576K
}
Event: 171.628 GC heap before
{Heap before GC invocations=23 (full 4):
 PSYoungGen      total 225792K, used 17874K [0x00000000d5580000, 0x00000000e5b80000, 0x0000000100000000)
  eden space 199168K, 0% used [0x00000000d5580000,0x00000000d5580000,0x00000000e1800000)
  from space 26624K, 67% used [0x00000000e1800000,0x00000000e2974998,0x00000000e3200000)
  to   space 27136K, 0% used [0x00000000e4100000,0x00000000e4100000,0x00000000e5b80000)
 ParOldGen       total 145408K, used 77982K [0x0000000080000000, 0x0000000088e00000, 0x00000000d5580000)
  object space 145408K, 53% used [0x0000000080000000,0x0000000084c27ad8,0x0000000088e00000)
 Metaspace       used 93780K, capacity 98490K, committed 98600K, reserved 1134592K
  class space    used 12294K, capacity 13269K, committed 13352K, reserved 1048576K
Event: 171.952 GC heap after
Heap after GC invocations=23 (full 4):
 PSYoungGen      total 225792K, used 0K [0x00000000d5580000, 0x00000000e5b80000, 0x0000000100000000)
  eden space 199168K, 0% used [0x00000000d5580000,0x00000000d5580000,0x00000000e1800000)
  from space 26624K, 0% used [0x00000000e1800000,0x00000000e1800000,0x00000000e3200000)
  to   space 27136K, 0% used [0x00000000e4100000,0x00000000e4100000,0x00000000e5b80000)
 ParOldGen       total 238592K, used 69969K [0x0000000080000000, 0x000000008e900000, 0x00000000d5580000)
  object space 238592K, 29% used [0x0000000080000000,0x0000000084454640,0x000000008e900000)
 Metaspace       used 93348K, capacity 97270K, committed 98600K, reserved 1134592K
  class space    used 12149K, capacity 13013K, committed 13352K, reserved 1048576K
}
Event: 173.081 GC heap before
{Heap before GC invocations=24 (full 4):
 PSYoungGen      total 225792K, used 199168K [0x00000000d5580000, 0x00000000e5b80000, 0x0000000100000000)
  eden space 199168K, 100% used [0x00000000d5580000,0x00000000e1800000,0x00000000e1800000)
  from space 26624K, 0% used [0x00000000e1800000,0x00000000e1800000,0x00000000e3200000)
  to   space 27136K, 0% used [0x00000000e4100000,0x00000000e4100000,0x00000000e5b80000)
 ParOldGen       total 238592K, used 69969K [0x0000000080000000, 0x000000008e900000, 0x00000000d5580000)
  object space 238592K, 29% used [0x0000000080000000,0x0000000084454640,0x000000008e900000)
 Metaspace       used 97137K, capacity 101414K, committed 102312K, reserved 1138688K
  class space    used 12682K, capacity 13593K, committed 13736K, reserved 1048576K
Event: 173.144 GC heap after
Heap after GC invocations=24 (full 4):
 PSYoungGen      total 226304K, used 27117K [0x00000000d5580000, 0x00000000e5b80000, 0x0000000100000000)
  eden space 199168K, 0% used [0x00000000d5580000,0x00000000d5580000,0x00000000e1800000)
  from space 27136K, 99% used [0x00000000e4100000,0x00000000e5b7b520,0x00000000e5b80000)
  to   space 26624K, 0% used [0x00000000e1800000,0x00000000e1800000,0x00000000e3200000)
 ParOldGen       total 238592K, used 86328K [0x0000000080000000, 0x000000008e900000, 0x00000000d5580000)
  object space 238592K, 36% used [0x0000000080000000,0x000000008544e300,0x000000008e900000)
 Metaspace       used 97137K, capacity 101414K, committed 102312K, reserved 1138688K
  class space    used 12682K, capacity 13593K, committed 13736K, reserved 1048576K
}

